<?xml version="1.0" encoding="UTF-8"?>
<!-- Generated by org.testng.reporters.JUnitReportReporter -->
<testsuite hostname="ROSHAN-HP" failures="0" tests="6" name="api.test.DataDrivenTest" time="8.448" errors="0" timestamp="2025-06-18T15:57:57 IST" skipped="0">
  <testcase classname="api.test.DataDrivenTest" name="testPostuser" time="1.136"/>
  <testcase classname="api.test.DataDrivenTest" name="testPostuser" time="2.762"/>
  <testcase classname="api.test.DataDrivenTest" name="testPostuser" time="1.125"/>
  <testcase classname="api.test.DataDrivenTest" name="testDeleteUserByNameByName" time="1.166"/>
  <testcase classname="api.test.DataDrivenTest" name="testDeleteUserByNameByName" time="1.063"/>
  <testcase classname="api.test.DataDrivenTest" name="testDeleteUserByNameByName" time="1.196"/>
</testsuite> <!-- api.test.DataDrivenTest -->
