<?xml version="1.0" encoding="UTF-8"?>
<!-- Generated by org.testng.reporters.JUnitReportReporter -->
<testsuite hostname="ROSHAN-HP" failures="0" tests="4" name="api.test.UserTest" time="5.868" errors="0" timestamp="2025-06-18T15:57:57 IST" skipped="0">
  <testcase classname="api.test.UserTest" name="testPostUser" time="1.180"/>
  <testcase classname="api.test.UserTest" name="testGetUserByName" time="1.205"/>
  <testcase classname="api.test.UserTest" name="testUpdateUserByName" time="2.361"/>
  <testcase classname="api.test.UserTest" name="testDeleteByName" time="1.122"/>
</testsuite> <!-- api.test.UserTest -->
