<?xml version="1.0" encoding="UTF-8"?>
<!-- Generated by org.testng.reporters.JUnitReportReporter -->
<testsuite hostname="ROSHAN-HP" failures="0" tests="4" name="api.test.UserTest2Properties" time="7.492" errors="0" timestamp="2025-06-19T11:02:42 IST" skipped="0">
  <testcase classname="api.test.UserTest2Properties" name="testPostUser" time="2.804"/>
  <testcase classname="api.test.UserTest2Properties" name="testGetUserByName" time="1.211"/>
  <testcase classname="api.test.UserTest2Properties" name="testUpdateUserByName" time="2.348"/>
  <testcase classname="api.test.UserTest2Properties" name="testDeleteByName" time="1.129"/>
</testsuite> <!-- api.test.UserTest2Properties -->
